<?xml version="1.0" encoding="UTF-8"?>
<!-- Generated by org.testng.reporters.JUnitReportReporter -->
<testsuite skipped="0" hostname="LAPTOP-PHDB1SI7" name="Script.Billing" tests="1" failures="0" timestamp="31 Dec 2018 11:08:27 GMT" time="27.072" errors="0">
  <testcase name="Test18" time="27.072" classname="Script.Billing"/>
</testsuite> <!-- Script.Billing -->
