<?xml version="1.0" encoding="UTF-8"?>
<!-- Generated by org.testng.reporters.JUnitReportReporter -->
<testsuite skipped="0" hostname="LAPTOP-PHDB1SI7" name="Script.business" tests="1" failures="0" timestamp="27 Dec 2018 11:42:37 GMT" time="112.285" errors="0">
  <testcase name="Test9" time="112.285" classname="Script.business"/>
</testsuite> <!-- Script.business -->
