<?xml version="1.0" encoding="UTF-8"?>
<!-- Generated by org.testng.reporters.JUnitReportReporter -->
<testsuite skipped="0" hostname="LAPTOP-PHDB1SI7" name="Script.ViewTimetrack" tests="1" failures="0" timestamp="03 Nov 2018 05:52:03 GMT" time="14.523" errors="0">
  <testcase name="test2" time="14.523" classname="Script.ViewTimetrack"/>
</testsuite> <!-- Script.ViewTimetrack -->
