<?xml version="1.0" encoding="UTF-8"?>
<!-- Generated by org.testng.reporters.JUnitReportReporter -->
<testsuite skipped="0" hostname="LAPTOP-PHDB1SI7" name="loginscript.authadminverified" tests="1" failures="0" timestamp="05 Jan 2019 08:02:41 GMT" time="25.211" errors="0">
  <testcase name="Test" time="25.211" classname="loginscript.authadminverified"/>
</testsuite> <!-- loginscript.authadminverified -->
