<?xml version="1.0" encoding="UTF-8"?>
<!-- Generated by org.testng.reporters.JUnitReportReporter -->
<testsuite skipped="0" hostname="LAPTOP-PHDB1SI7" name="loginscript.LoginScript1" tests="1" failures="0" timestamp="04 Jan 2019 11:57:51 GMT" time="25.909" errors="0">
  <testcase name="test" time="25.909" classname="loginscript.LoginScript1"/>
</testsuite> <!-- loginscript.LoginScript1 -->
