<?xml version="1.0" encoding="UTF-8"?>
<!-- Generated by org.testng.reporters.JUnitReportReporter -->
<testsuite skipped="0" hostname="LAPTOP-PHDB1SI7" name="Script.priorty" tests="1" failures="0" timestamp="27 Dec 2018 13:19:38 GMT" time="159.271" errors="0">
  <testcase name="Test13" time="159.271" classname="Script.priorty"/>
</testsuite> <!-- Script.priorty -->
