<?xml version="1.0" encoding="UTF-8"?>
<!-- Generated by org.testng.reporters.JUnitReportReporter -->
<testsuite skipped="0" hostname="LAPTOP-PHDB1SI7" name="loginscript.authadminverifiedemail" tests="1" failures="0" timestamp="05 Jan 2019 06:18:14 GMT" time="22.183" errors="0">
  <testcase name="Test" time="22.183" classname="loginscript.authadminverifiedemail"/>
</testsuite> <!-- loginscript.authadminverifiedemail -->
