<?xml version="1.0" encoding="UTF-8"?>
<!-- Generated by org.testng.reporters.JUnitReportReporter -->
<testsuite skipped="0" hostname="LAPTOP-PHDB1SI7" name="Script.Webhook" tests="1" failures="0" timestamp="28 Dec 2018 12:00:47 GMT" time="42.372" errors="0">
  <testcase name="Test30" time="42.372" classname="Script.Webhook"/>
</testsuite> <!-- Script.Webhook -->
