<?xml version="1.0" encoding="UTF-8"?>
<!-- Generated by org.testng.reporters.JUnitReportReporter -->
<testsuite skipped="0" hostname="LAPTOP-PHDB1SI7" name="Script.Usersoptions" tests="1" failures="0" timestamp="28 Dec 2018 09:18:23 GMT" time="27.095" errors="0">
  <testcase name="test24" time="27.095" classname="Script.Usersoptions"/>
</testsuite> <!-- Script.Usersoptions -->
