<?xml version="1.0" encoding="UTF-8"?>
<!-- Generated by org.testng.reporters.JUnitReportReporter -->
<testsuite skipped="0" hostname="LAPTOP-PHDB1SI7" name="Script.emailsetting" tests="1" failures="0" timestamp="27 Dec 2018 08:38:54 GMT" time="65.813" errors="0">
  <testcase name="test3" time="65.813" classname="Script.emailsetting"/>
</testsuite> <!-- Script.emailsetting -->
