<?xml version="1.0" encoding="UTF-8"?>
<!-- Generated by org.testng.reporters.JUnitReportReporter -->
<testsuite skipped="0" hostname="LAPTOP-PHDB1SI7" name="Script.Status" tests="1" failures="0" timestamp="28 Dec 2018 06:26:40 GMT" time="25.843" errors="0">
  <testcase name="Test15" time="25.843" classname="Script.Status"/>
</testsuite> <!-- Script.Status -->
