<?xml version="1.0" encoding="UTF-8"?>
<!-- Generated by org.testng.reporters.JUnitReportReporter -->
<testsuite skipped="0" hostname="LAPTOP-PHDB1SI7" name="scriptsAgent.overdue" tests="1" failures="0" timestamp="04 Jan 2019 13:35:33 GMT" time="30.337" errors="0">
  <testcase name="Test" time="30.337" classname="scriptsAgent.overdue"/>
</testsuite> <!-- scriptsAgent.overdue -->
