<?xml version="1.0" encoding="UTF-8"?>
<!-- Generated by org.testng.reporters.JUnitReportReporter -->
<testsuite skipped="0" hostname="LAPTOP-PHDB1SI7" name="Script.helptopics" tests="1" failures="0" timestamp="29 Dec 2018 07:04:52 GMT" time="40.145" errors="0">
  <testcase name="test8" time="40.145" classname="Script.helptopics"/>
</testsuite> <!-- Script.helptopics -->
