<?xml version="1.0" encoding="UTF-8"?>
<!-- Generated by org.testng.reporters.JUnitReportReporter -->
<testsuite skipped="0" hostname="LAPTOP-PHDB1SI7" name="Script.Listeners" tests="1" failures="0" timestamp="28 Dec 2018 05:08:35 GMT" time="26.664" errors="0">
  <testcase name="Test13" time="26.664" classname="Script.Listeners"/>
</testsuite> <!-- Script.Listeners -->
