<?xml version="1.0" encoding="UTF-8"?>
<!-- Generated by org.testng.reporters.JUnitReportReporter -->
<testsuite skipped="0" hostname="LAPTOP-PHDB1SI7" name="Script.queue" tests="1" failures="0" timestamp="27 Dec 2018 10:00:55 GMT" time="124.971" errors="0">
  <testcase name="test7" time="124.971" classname="Script.queue"/>
</testsuite> <!-- Script.queue -->
