<?xml version="1.0" encoding="UTF-8"?>
<!-- Generated by org.testng.reporters.JUnitReportReporter -->
<testsuite skipped="0" hostname="LAPTOP-PHDB1SI7" name="Script.Admin" tests="1" failures="0" timestamp="31 Dec 2018 04:55:04 GMT" time="33.790" errors="0">
  <testcase name="test1" time="33.790" classname="Script.Admin"/>
</testsuite> <!-- Script.Admin -->
