<?xml version="1.0" encoding="UTF-8"?>
<!-- Generated by org.testng.reporters.JUnitReportReporter -->
<testsuite skipped="0" hostname="LAPTOP-PHDB1SI7" name="Script.diagnostic" tests="1" failures="0" timestamp="27 Dec 2018 10:15:12 GMT" time="85.846" errors="0">
  <testcase name="test7" time="85.846" classname="Script.diagnostic"/>
</testsuite> <!-- Script.diagnostic -->
