<?xml version="1.0" encoding="UTF-8"?>
<!-- Generated by org.testng.reporters.JUnitReportReporter -->
<testsuite skipped="0" hostname="LAPTOP-PHDB1SI7" name="Script.Ticketype" tests="1" failures="0" timestamp="28 Dec 2018 04:54:33 GMT" time="40.008" errors="0">
  <testcase name="test12" time="40.008" classname="Script.Ticketype"/>
</testsuite> <!-- Script.Ticketype -->
