<?xml version="1.0" encoding="UTF-8"?>
<!-- Generated by org.testng.reporters.JUnitReportReporter -->
<testsuite skipped="0" hostname="LAPTOP-PHDB1SI7" name="Script.request" tests="1" failures="0" timestamp="27 Dec 2018 12:23:48 GMT" time="81.963" errors="0">
  <testcase name="Test10" time="81.963" classname="Script.request"/>
</testsuite> <!-- Script.request -->
