<?xml version="1.0" encoding="UTF-8"?>
<!-- Generated by org.testng.reporters.JUnitReportReporter -->
<testsuite skipped="0" hostname="LAPTOP-PHDB1SI7" name="Script.approveflow" tests="1" failures="0" timestamp="27 Dec 2018 13:03:56 GMT" time="62.932" errors="0">
  <testcase name="test12" time="62.932" classname="Script.approveflow"/>
</testsuite> <!-- Script.approveflow -->
