<?xml version="1.0" encoding="UTF-8"?>
<!-- Generated by org.testng.reporters.JUnitReportReporter -->
<testsuite skipped="0" hostname="LAPTOP-PHDB1SI7" name="Script.Widget" tests="1" failures="0" timestamp="28 Dec 2018 05:18:36 GMT" time="44.342" errors="0">
  <testcase name="Test13" time="44.342" classname="Script.Widget"/>
</testsuite> <!-- Script.Widget -->
