<?xml version="1.0" encoding="UTF-8"?>
<!-- Generated by org.testng.reporters.JUnitReportReporter -->
<testsuite skipped="0" hostname="LAPTOP-PHDB1SI7" name="Script.tasksscript" tests="1" failures="0" timestamp="03 Nov 2018 05:50:06 GMT" time="12.004" errors="0">
  <testcase name="test2" time="12.004" classname="Script.tasksscript"/>
</testsuite> <!-- Script.tasksscript -->
