<?xml version="1.0" encoding="UTF-8"?>
<!-- Generated by org.testng.reporters.JUnitReportReporter -->
<testsuite skipped="0" hostname="LAPTOP-PHDB1SI7" name="Script.Ticketsettings" tests="1" failures="0" timestamp="28 Dec 2018 05:45:22 GMT" time="80.041" errors="0">
  <testcase name="Test14" time="80.041" classname="Script.Ticketsettings"/>
</testsuite> <!-- Script.Ticketsettings -->
