<?xml version="1.0" encoding="UTF-8"?>
<!-- Generated by org.testng.reporters.JUnitReportReporter -->
<testsuite skipped="0" hostname="LAPTOP-PHDB1SI7" name="loginscriptviaregister.agentverified" tests="1" failures="0" timestamp="07 Jan 2019 17:27:19 GMT" time="76.195" errors="0">
  <testcase name="test" time="76.195" classname="loginscriptviaregister.agentverified"/>
</testsuite> <!-- loginscriptviaregister.agentverified -->
