<?xml version="1.0" encoding="UTF-8"?>
<!-- Generated by org.testng.reporters.JUnitReportReporter -->
<testsuite skipped="0" hostname="LAPTOP-PHDB1SI7" name="Script.Labels" tests="1" failures="0" timestamp="28 Dec 2018 06:38:45 GMT" time="36.208" errors="0">
  <testcase name="Test16" time="36.208" classname="Script.Labels"/>
</testsuite> <!-- Script.Labels -->
