<?xml version="1.0" encoding="UTF-8"?>
<!-- Generated by org.testng.reporters.JUnitReportReporter -->
<testsuite skipped="0" hostname="LAPTOP-PHDB1SI7" name="Script.Language" tests="1" failures="0" timestamp="28 Dec 2018 09:40:54 GMT" time="27.742" errors="0">
  <testcase name="Test25" time="27.742" classname="Script.Language"/>
</testsuite> <!-- Script.Language -->
