<?xml version="1.0" encoding="UTF-8"?>
<!-- Generated by org.testng.reporters.JUnitReportReporter -->
<testsuite skipped="0" hostname="LAPTOP-PHDB1SI7" name="Script.Modules" tests="1" failures="0" timestamp="28 Dec 2018 12:39:30 GMT" time="54.944" errors="0">
  <testcase name="Test31" time="54.944" classname="Script.Modules"/>
</testsuite> <!-- Script.Modules -->
