<?xml version="1.0" encoding="UTF-8"?>
<!-- Generated by org.testng.reporters.JUnitReportReporter -->
<testsuite skipped="0" hostname="LAPTOP-PHDB1SI7" name="Script.System" tests="1" failures="0" timestamp="28 Dec 2018 09:07:18 GMT" time="29.652" errors="0">
  <testcase name="Test24" time="29.652" classname="Script.System"/>
</testsuite> <!-- Script.System -->
