<?xml version="1.0" encoding="UTF-8"?>
<!-- Generated by org.testng.reporters.JUnitReportReporter -->
<testsuite skipped="0" hostname="LAPTOP-PHDB1SI7" name="loginscript.authclientemail" tests="1" failures="0" timestamp="07 Jan 2019 08:06:37 GMT" time="21.141" errors="0">
  <testcase name="test" time="21.141" classname="loginscript.authclientemail"/>
</testsuite> <!-- loginscript.authclientemail -->
