<?xml version="1.0" encoding="UTF-8"?>
<!-- Generated by org.testng.reporters.JUnitReportReporter -->
<testsuite skipped="0" hostname="LAPTOP-PHDB1SI7" name="Script.Company" tests="1" failures="0" timestamp="28 Dec 2018 08:57:15 GMT" time="55.730" errors="0">
  <testcase name="Test23" time="55.730" classname="Script.Company"/>
</testsuite> <!-- Script.Company -->
