<?xml version="1.0" encoding="UTF-8"?>
<!-- Generated by org.testng.reporters.JUnitReportReporter -->
<testsuite skipped="0" hostname="LAPTOP-PHDB1SI7" name="Script.loginscript" tests="1" failures="0" timestamp="03 Nov 2018 06:00:21 GMT" time="6.887" errors="0">
  <testcase name="test2" time="6.887" classname="Script.loginscript"/>
</testsuite> <!-- Script.loginscript -->
