<?xml version="1.0" encoding="UTF-8"?>
<!-- Generated by org.testng.reporters.JUnitReportReporter -->
<testsuite skipped="0" hostname="LAPTOP-PHDB1SI7" name="loginscript.authadminban" tests="1" failures="0" timestamp="07 Jan 2019 04:58:46 GMT" time="35.696" errors="0">
  <testcase name="Test" time="35.696" classname="loginscript.authadminban"/>
</testsuite> <!-- loginscript.authadminban -->
