<?xml version="1.0" encoding="UTF-8"?>
<!-- Generated by org.testng.reporters.JUnitReportReporter -->
<testsuite skipped="0" hostname="LAPTOP-PHDB1SI7" name="Script.work" tests="1" failures="0" timestamp="27 Dec 2018 12:35:50 GMT" time="77.632" errors="0">
  <testcase name="Test11" time="77.632" classname="Script.work"/>
</testsuite> <!-- Script.work -->
