<?xml version="1.0" encoding="UTF-8"?>
<!-- Generated by org.testng.reporters.JUnitReportReporter -->
<testsuite skipped="0" hostname="LAPTOP-PHDB1SI7" name="loginscript.authclient" tests="1" failures="0" timestamp="07 Jan 2019 07:16:35 GMT" time="11.437" errors="0">
  <testcase name="Test1" time="11.437" classname="loginscript.authclient"/>
</testsuite> <!-- loginscript.authclient -->
