<?xml version="1.0" encoding="UTF-8"?>
<!-- Generated by org.testng.reporters.JUnitReportReporter -->
<testsuite skipped="0" hostname="LAPTOP-PHDB1SI7" name="Script.Recurring" tests="1" failures="0" timestamp="28 Dec 2018 07:48:07 GMT" time="35.908" errors="0">
  <testcase name="Test21" time="35.908" classname="Script.Recurring"/>
</testsuite> <!-- Script.Recurring -->
