<?xml version="1.0" encoding="UTF-8"?>
<!-- Generated by org.testng.reporters.JUnitReportReporter -->
<testsuite skipped="0" hostname="LAPTOP-PHDB1SI7" name="loginscript.authagentverified$authagentunverified" tests="1" failures="0" timestamp="07 Jan 2019 05:41:33 GMT" time="16.536" errors="0">
  <testcase name="Test" time="16.536" classname="loginscript.authagentverified$authagentunverified"/>
</testsuite> <!-- loginscript.authagentverified$authagentunverified -->
