<?xml version="1.0" encoding="UTF-8"?>
<!-- Generated by org.testng.reporters.JUnitReportReporter -->
<testsuite skipped="0" hostname="LAPTOP-PHDB1SI7" name="Script.banlist" tests="1" failures="0" timestamp="27 Dec 2018 09:26:16 GMT" time="73.412" errors="0">
  <testcase name="test1" time="73.412" classname="Script.banlist"/>
</testsuite> <!-- Script.banlist -->
