<?xml version="1.0" encoding="UTF-8"?>
<!-- Generated by org.testng.reporters.JUnitReportReporter -->
<testsuite skipped="0" hostname="LAPTOP-PHDB1SI7" name="Script.Tags" tests="1" failures="0" timestamp="28 Dec 2018 07:06:39 GMT" time="38.331" errors="0">
  <testcase name="Test17" time="38.331" classname="Script.Tags"/>
</testsuite> <!-- Script.Tags -->
