<?xml version="1.0" encoding="UTF-8"?>
<!-- Generated by org.testng.reporters.JUnitReportReporter -->
<testsuite skipped="0" hostname="LAPTOP-PHDB1SI7" name="Script.Debugoptions" tests="1" failures="0" timestamp="28 Dec 2018 12:46:55 GMT" time="35.943" errors="0">
  <testcase name="Test31" time="35.943" classname="Script.Debugoptions"/>
</testsuite> <!-- Script.Debugoptions -->
