<?xml version="1.0" encoding="UTF-8"?>
<!-- Generated by org.testng.reporters.JUnitReportReporter -->
<testsuite skipped="0" hostname="LAPTOP-PHDB1SI7" name="Script.usersscript" tests="1" failures="0" timestamp="03 Nov 2018 05:51:03 GMT" time="18.092" errors="0">
  <testcase name="test2" time="18.092" classname="Script.usersscript"/>
</testsuite> <!-- Script.usersscript -->
