<?xml version="1.0" encoding="UTF-8"?>
<!-- Generated by org.testng.reporters.JUnitReportReporter -->
<testsuite skipped="0" hostname="LAPTOP-PHDB1SI7" name="Script.ChoosedefaultWay" tests="1" failures="0" timestamp="03 Nov 2018 05:45:16 GMT" time="8.481" errors="0">
  <testcase name="test2" time="8.481" classname="Script.ChoosedefaultWay"/>
</testsuite> <!-- Script.ChoosedefaultWay -->
