<?xml version="1.0" encoding="UTF-8"?>
<!-- Generated by org.testng.reporters.JUnitReportReporter -->
<testsuite skipped="0" hostname="LAPTOP-PHDB1SI7" name="Script.Security" tests="1" failures="0" timestamp="28 Dec 2018 10:24:27 GMT" time="58.373" errors="0">
  <testcase name="Test26" time="58.373" classname="Script.Security"/>
</testsuite> <!-- Script.Security -->
