<?xml version="1.0" encoding="UTF-8"?>
<!-- Generated by org.testng.reporters.JUnitReportReporter -->
<testsuite skipped="0" hostname="LAPTOP-PHDB1SI7" name="loginscriptviaregister.adminverfyemail2" tests="1" failures="0" timestamp="07 Jan 2019 17:27:19 GMT" time="95.679" errors="0">
  <testcase name="test" time="95.679" classname="loginscriptviaregister.adminverfyemail2"/>
</testsuite> <!-- loginscriptviaregister.adminverfyemail2 -->
