<?xml version="1.0" encoding="UTF-8"?>
<!-- Generated by org.testng.reporters.JUnitReportReporter -->
<testsuite skipped="0" hostname="LAPTOP-PHDB1SI7" name="Script.Dashboardstat" tests="1" failures="0" timestamp="28 Dec 2018 08:23:01 GMT" time="28.057" errors="0">
  <testcase name="Test23" time="28.057" classname="Script.Dashboardstat"/>
</testsuite> <!-- Script.Dashboardstat -->
