<?xml version="1.0" encoding="UTF-8"?>
<!-- Generated by org.testng.reporters.JUnitReportReporter -->
<testsuite skipped="0" hostname="LAPTOP-PHDB1SI7" name="scriptsAgent.SatisfactionSurvey" tests="1" failures="0" timestamp="04 Jan 2019 13:35:33 GMT" time="43.536" errors="0">
  <testcase name="Test10" time="43.536" classname="scriptsAgent.SatisfactionSurvey"/>
</testsuite> <!-- scriptsAgent.SatisfactionSurvey -->
