<?xml version="1.0" encoding="UTF-8"?>
<!-- Generated by org.testng.reporters.JUnitReportReporter -->
<testsuite skipped="0" hostname="LAPTOP-PHDB1SI7" name="com.test.testngbasics" tests="2" failures="0" timestamp="24 Oct 2018 05:31:21 GMT" time="0.008" errors="0">
  <testcase name="searchtest" time="0.003" classname="com.test.testngbasics"/>
  <testcase name="googletitletest" time="0.005" classname="com.test.testngbasics"/>
</testsuite> <!-- com.test.testngbasics -->
