<?xml version="1.0" encoding="UTF-8"?>
<!-- Generated by org.testng.reporters.JUnitReportReporter -->
<testsuite skipped="0" hostname="LAPTOP-PHDB1SI7" name="Script.script1" tests="1" failures="0" timestamp="27 Dec 2018 05:38:17 GMT" time="53.148" errors="0">
  <testcase name="test1" time="53.148" classname="Script.script1"/>
</testsuite> <!-- Script.script1 -->
