<?xml version="1.0" encoding="UTF-8"?>
<!-- Generated by org.testng.reporters.JUnitReportReporter -->
<testsuite skipped="0" hostname="LAPTOP-PHDB1SI7" name="Script.Socialicon" tests="1" failures="0" timestamp="28 Dec 2018 05:27:44 GMT" time="47.598" errors="0">
  <testcase name="Test14" time="47.598" classname="Script.Socialicon"/>
</testsuite> <!-- Script.Socialicon -->
