<?xml version="1.0" encoding="UTF-8"?>
<!-- Generated by org.testng.reporters.JUnitReportReporter -->
<testsuite skipped="0" hostname="LAPTOP-PHDB1SI7" name="scriptsAgent.AgentPerformance" tests="1" failures="0" timestamp="04 Jan 2019 13:35:33 GMT" time="28.327" errors="0">
  <testcase name="Test4" time="28.327" classname="scriptsAgent.AgentPerformance"/>
</testsuite> <!-- scriptsAgent.AgentPerformance -->
