<?xml version="1.0" encoding="UTF-8"?>
<!-- Generated by org.testng.reporters.JUnitReportReporter -->
<testsuite skipped="0" hostname="LAPTOP-PHDB1SI7" name="loginscript.authadminverifiedemail3" tests="1" failures="0" timestamp="05 Jan 2019 06:22:26 GMT" time="26.361" errors="0">
  <testcase name="Test" time="26.361" classname="loginscript.authadminverifiedemail3"/>
</testsuite> <!-- loginscript.authadminverifiedemail3 -->
