<?xml version="1.0" encoding="UTF-8"?>
<!-- Generated by org.testng.reporters.JUnitReportReporter -->
<testsuite skipped="0" hostname="LAPTOP-PHDB1SI7" name="loginscript.userdeactivated" tests="1" failures="0" timestamp="04 Jan 2019 11:57:51 GMT" time="36.360" errors="0">
  <testcase name="test" time="36.360" classname="loginscript.userdeactivated"/>
</testsuite> <!-- loginscript.userdeactivated -->
