<?xml version="1.0" encoding="UTF-8"?>
<!-- Generated by org.testng.reporters.JUnitReportReporter -->
<testsuite skipped="0" hostname="LAPTOP-PHDB1SI7" name="Script.Notification" tests="1" failures="0" timestamp="28 Dec 2018 10:42:25 GMT" time="76.235" errors="0">
  <testcase name="Test27" time="76.235" classname="Script.Notification"/>
</testsuite> <!-- Script.Notification -->
