<?xml version="1.0" encoding="UTF-8"?>
<!-- Generated by org.testng.reporters.JUnitReportReporter -->
<testsuite skipped="0" hostname="LAPTOP-PHDB1SI7" name="Script.Sources" tests="1" failures="0" timestamp="28 Dec 2018 07:37:36 GMT" time="26.136" errors="0">
  <testcase name="Test20" time="26.136" classname="Script.Sources"/>
</testsuite> <!-- Script.Sources -->
