<?xml version="1.0" encoding="UTF-8"?>
<!-- Generated by org.testng.reporters.JUnitReportReporter -->
<testsuite skipped="0" hostname="LAPTOP-PHDB1SI7" name="Script.ticketapproval" tests="1" failures="0" timestamp="28 Dec 2018 10:53:58 GMT" time="35.792" errors="0">
  <testcase name="test28" time="35.792" classname="Script.ticketapproval"/>
</testsuite> <!-- Script.ticketapproval -->
