<?xml version="1.0" encoding="UTF-8"?>
<!-- Generated by org.testng.reporters.JUnitReportReporter -->
<testsuite skipped="0" hostname="LAPTOP-PHDB1SI7" name="Script.Alertsandnotices" tests="1" failures="0" timestamp="28 Dec 2018 06:00:46 GMT" time="36.080" errors="0">
  <testcase name="Test14" time="36.080" classname="Script.Alertsandnotices"/>
</testsuite> <!-- Script.Alertsandnotices -->
