<?xml version="1.0" encoding="UTF-8"?>
<!-- Generated by org.testng.reporters.JUnitReportReporter -->
<testsuite skipped="0" hostname="LAPTOP-PHDB1SI7" name="Script.teams" tests="1" failures="0" timestamp="27 Dec 2018 07:59:22 GMT" time="74.148" errors="0">
  <testcase name="test4" time="74.148" classname="Script.teams"/>
</testsuite> <!-- Script.teams -->
