<?xml version="1.0" encoding="UTF-8"?>
<!-- Generated by org.testng.reporters.JUnitReportReporter -->
<testsuite skipped="0" hostname="LAPTOP-PHDB1SI7" name="Script.Storage" tests="1" failures="0" timestamp="28 Dec 2018 11:07:38 GMT" time="50.621" errors="0">
  <testcase name="Test28" time="50.621" classname="Script.Storage"/>
</testsuite> <!-- Script.Storage -->
