<?xml version="1.0" encoding="UTF-8"?>
<!-- Generated by org.testng.reporters.JUnitReportReporter -->
<testsuite skipped="0" hostname="LAPTOP-PHDB1SI7" name="Script.Closeticketworkflow" tests="1" failures="0" timestamp="28 Dec 2018 06:52:35 GMT" time="35.728" errors="0">
  <testcase name="Test16" time="35.728" classname="Script.Closeticketworkflow"/>
</testsuite> <!-- Script.Closeticketworkflow -->
