<?xml version="1.0" encoding="UTF-8"?>
<!-- Generated by org.testng.reporters.JUnitReportReporter -->
<testsuite skipped="0" hostname="LAPTOP-PHDB1SI7" name="Script.Api" tests="1" failures="0" timestamp="29 Dec 2018 07:18:31 GMT" time="37.093" errors="0">
  <testcase name="Test29" time="37.093" classname="Script.Api"/>
</testsuite> <!-- Script.Api -->
