<?xml version="1.0" encoding="UTF-8"?>
<!-- Generated by org.testng.reporters.JUnitReportReporter -->
<testsuite skipped="0" hostname="LAPTOP-PHDB1SI7" name="Script.Cron" tests="1" failures="0" timestamp="28 Dec 2018 10:10:21 GMT" time="47.427" errors="0">
  <testcase name="Test26" time="47.427" classname="Script.Cron"/>
</testsuite> <!-- Script.Cron -->
