<?xml version="1.0" encoding="UTF-8"?>
<!-- Generated by org.testng.reporters.JUnitReportReporter -->
<testsuite skipped="0" hostname="LAPTOP-PHDB1SI7" name="loginscript.authadminunverified" tests="1" failures="0" timestamp="05 Jan 2019 08:06:13 GMT" time="16.004" errors="0">
  <testcase name="Test" time="16.004" classname="loginscript.authadminunverified"/>
</testsuite> <!-- loginscript.authadminunverified -->
