<?xml version="1.0" encoding="UTF-8"?>
<!-- Generated by org.testng.reporters.JUnitReportReporter -->
<testsuite skipped="0" hostname="LAPTOP-PHDB1SI7" name="Script.script2" tests="1" failures="0" timestamp="27 Dec 2018 06:16:10 GMT" time="64.287" errors="0">
  <testcase name="test2" time="64.287" classname="Script.script2"/>
</testsuite> <!-- Script.script2 -->
