<?xml version="1.0" encoding="UTF-8"?>
<!-- Generated by org.testng.reporters.JUnitReportReporter -->
<testsuite skipped="0" hostname="LAPTOP-PHDB1SI7" name="Script.Autoassign" tests="1" failures="0" timestamp="29 Dec 2018 06:48:14 GMT" time="33.766" errors="0">
  <testcase name="Test19" time="33.766" classname="Script.Autoassign"/>
</testsuite> <!-- Script.Autoassign -->
