<?xml version="1.0" encoding="UTF-8"?>
<!-- Generated by org.testng.reporters.JUnitReportReporter -->
<testsuite skipped="0" hostname="LAPTOP-PHDB1SI7" name="Script.Plugin" tests="1" failures="0" timestamp="28 Dec 2018 12:24:11 GMT" time="48.087" errors="0">
  <testcase name="Test30" time="48.087" classname="Script.Plugin"/>
</testsuite> <!-- Script.Plugin -->
