<?xml version="1.0" encoding="UTF-8"?>
<!-- Generated by org.testng.reporters.JUnitReportReporter -->
<testsuite skipped="0" hostname="LAPTOP-PHDB1SI7" name="Script.Sysbackup" tests="1" failures="0" timestamp="28 Dec 2018 11:19:56 GMT" time="27.083" errors="0">
  <testcase name="Test29" time="27.083" classname="Script.Sysbackup"/>
</testsuite> <!-- Script.Sysbackup -->
