<?xml version="1.0" encoding="UTF-8"?>
<!-- Generated by org.testng.reporters.JUnitReportReporter -->
<testsuite skipped="0" hostname="LAPTOP-PHDB1SI7" name="Script.Location" tests="1" failures="0" timestamp="28 Dec 2018 08:01:00 GMT" time="37.774" errors="0">
  <testcase name="Test22" time="37.774" classname="Script.Location"/>
</testsuite> <!-- Script.Location -->
