<?xml version="1.0" encoding="UTF-8"?>
<!-- Generated by org.testng.reporters.JUnitReportReporter -->
<testsuite skipped="0" hostname="LAPTOP-PHDB1SI7" name="Script.reportscript" tests="1" failures="0" timestamp="03 Nov 2018 05:54:52 GMT" time="12.464" errors="0">
  <testcase name="test2" time="12.464" classname="Script.reportscript"/>
</testsuite> <!-- Script.reportscript -->
