<?xml version="1.0" encoding="UTF-8"?>
<!-- Generated by org.testng.reporters.JUnitReportReporter -->
<testsuite skipped="0" hostname="LAPTOP-PHDB1SI7" name="loginscript.authuserbandeactivate$authuserdeactivate" tests="1" failures="0" timestamp="07 Jan 2019 08:30:19 GMT" time="16.291" errors="0">
  <testcase name="test" time="16.291" classname="loginscript.authuserbandeactivate$authuserdeactivate"/>
</testsuite> <!-- loginscript.authuserbandeactivate$authuserdeactivate -->
