<?xml version="1.0" encoding="UTF-8"?>
<!-- Generated by org.testng.reporters.JUnitReportReporter -->
<testsuite skipped="0" hostname="LAPTOP-PHDB1SI7" name="Script.template" tests="1" failures="0" timestamp="27 Dec 2018 09:45:34 GMT" time="228.218" errors="0">
  <testcase name="test6" time="228.218" classname="Script.template"/>
</testsuite> <!-- Script.template -->
